<?xml version="1.0" encoding="UTF-8"?>
<!-- Generated by org.testng.reporters.JUnitReportReporter -->
<testsuite hostname="Monals-MacBook-Pro-M1.local" failures="0" tests="1" name="org.rahulshettyacademy.IOSBasics" time="9.718" errors="0" timestamp="2022-08-09T11:59:06 PDT" skipped="0">
  <testcase classname="org.rahulshettyacademy.IOSBasics" name="IOSBasicsTest" time="9.718"/>
  <system-out/>
</testsuite> <!-- org.rahulshettyacademy.IOSBasics -->
