<?xml version="1.0" encoding="UTF-8"?>
<!-- Generated by org.testng.reporters.JUnitReportReporter -->
<testsuite hostname="Monals-MacBook-Pro-M1.local" failures="0" tests="2" name="org.rahulshettyacademy.eCommerce_tc_4_Hybrid" time="38.762" errors="0" timestamp="2022-08-09T13:46:57 PDT" skipped="0">
  <testcase classname="org.rahulshettyacademy.eCommerce_tc_4_Hybrid" name="FillForm" time="19.433"/>
  <system-out/>
  <testcase classname="org.rahulshettyacademy.eCommerce_tc_4_Hybrid" name="FillForm" time="19.329"/>
  <system-out/>
</testsuite> <!-- org.rahulshettyacademy.eCommerce_tc_4_Hybrid -->
