<?xml version="1.0" encoding="UTF-8"?>
<!-- Generated by org.testng.reporters.JUnitReportReporter -->
<testsuite hostname="Monals-MacBook-Pro-M1.local" failures="0" tests="2" name="org.rahulshettyacademy.eCommerce_tc_2" time="27.173" errors="0" timestamp="2022-08-09T17:27:33 PDT" skipped="0">
  <testcase classname="org.rahulshettyacademy.eCommerce_tc_2" name="FillForm_PositiveFlow" time="19.416"/>
  <system-out/>
  <testcase classname="org.rahulshettyacademy.eCommerce_tc_2" name="FillForm_ErrorValidation" time="7.757"/>
  <system-out/>
</testsuite> <!-- org.rahulshettyacademy.eCommerce_tc_2 -->
